Warning: Role:Desenvolvedor: missing resource file './../../anapaula/tasks/Desenvolver novas p&aacute;ginas_FF5694E7.html'
Warning: Role:Desenvolvedor: missing resource file './../../anapaula/deliveryprocesses/Implanta&ccedil;&atilde;o_7BE17AA6.html'
Warning: Task:Desenvolver novas páginas: missing resource file './../../anapaula/tasks/Desenvolver novas p&aacute;ginas_FF5694E7.html'
Warning: Task:Fazer deploy: missing resource file './../../anapaula/deliveryprocesses/Implanta&ccedil;&atilde;o_7BE17AA6.html'
Warning: Artifact:Codigo: missing resource file './../../anapaula/tasks/Desenvolver novas p&aacute;ginas_FF5694E7.html'
Warning: Artifact:Codigo: missing resource file './../../anapaula/deliveryprocesses/Implanta&ccedil;&atilde;o_7BE17AA6.html'
Warning: Artifact:Codigo Corrigido: missing resource file './../../anapaula/deliveryprocesses/Implanta&ccedil;&atilde;o_7BE17AA6.html'
Warning: Artifact:Codigo Testado: missing resource file './../../anapaula/deliveryprocesses/Implanta&ccedil;&atilde;o_7BE17AA6.html'
Warning: Artifact:Implantação: missing resource file './../../anapaula/workproducts/Implanta&ccedil;&atilde;o_1696F695.html'
Warning: Artifact:Implantação: missing resource file './../../anapaula/deliveryprocesses/Implanta&ccedil;&atilde;o_7BE17AA6.html'
Warning: Role:Supervisor: missing resource file './../../anapaula/deliveryprocesses/Valida&ccedil;&atilde;o_642579F2.html'
Warning: Task:Validar o desenvolvimento: missing resource file './../../anapaula/deliveryprocesses/Valida&ccedil;&atilde;o_642579F2.html'
Warning: Phase:Desenvolvimento: missing resource file './../../anapaula/tasks/Desenvolver novas p&aacute;ginas_FF5694E7.html'
Warning: Phase:Desenvolvimento: missing resource file './../../anapaula/tasks/Desenvolver novas p&aacute;ginas_FF5694E7.html'
Warning: Phase:Validação: missing resource file './../../anapaula/deliveryprocesses/resources/Valida&ccedil;&atilde;o_642579F2_ActivityDetail.jpeg'
Warning: Phase:Validação: missing resource file './../../anapaula/deliveryprocesses/resources/Valida&ccedil;&atilde;o_642579F2_ActivityDetail.jpeg'
Warning: Phase:Implantação: missing resource file './../../anapaula/deliveryprocesses/resources/Implanta&ccedil;&atilde;o_7BE17AA6_ActivityDetail.jpeg'
Warning: Phase:Implantação: missing resource file './../../anapaula/workproducts/Implanta&ccedil;&atilde;o_1696F695.html'
Warning: Phase:Implantação: missing resource file './../../anapaula/deliveryprocesses/resources/Implanta&ccedil;&atilde;o_7BE17AA6_ActivityDetail.jpeg'
Warning: Phase:Implantação: missing resource file './../../anapaula/workproducts/Implanta&ccedil;&atilde;o_1696F695.html'
